# JRE version: Java(TM) SE Runtime Environment (8.0_91-b14) (build 1.8.0_91-b14)
# Java VM: Java HotSpot(TM) 64-Bit Server VM (25.91-b14 mixed mode bsd-amd64 compressed oops)
Heap:
 PSYoungGen      total 24576K, used 23653K [0x0000000795580000, 0x0000000797b80000, 0x00000007c0000000)
  eden space 24064K, 98% used [0x0000000795580000,0x0000000796c89740,0x0000000796d00000)
  from space 512K, 12% used [0x0000000797a80000,0x0000000797a90000,0x0000000797b00000)
  to   space 512K, 0% used [0x0000000797b00000,0x0000000797b00000,0x0000000797b80000)
 ParOldGen       total 87552K, used 432K [0x0000000740000000, 0x0000000745580000, 0x0000000795580000)
  object space 87552K, 0% used [0x0000000740000000,0x000000074006c050,0x0000000745580000)
 Metaspace       used 2753K, capacity 4568K, committed 4864K, reserved 1056768K
  class space    used 295K, capacity 392K, committed 512K, reserved 1048576K
GC Heap History (10 events):
Event: 1207.411 GC heap before
{Heap before GC invocations=837 (full 0):
 PSYoungGen      total 24576K, used 24128K [0x0000000795580000, 0x0000000797b80000, 0x00000007c0000000)
  eden space 24064K, 100% used [0x0000000795580000,0x0000000796d00000,0x0000000796d00000)
  from space 512K, 12% used [0x0000000797b00000,0x0000000797b10000,0x0000000797b80000)
  to   space 512K, 0% used [0x0000000797a80000,0x0000000797a80000,0x0000000797b00000)
 ParOldGen       total 87552K, used 432K [0x0000000740000000, 0x0000000745580000, 0x0000000795580000)
  object space 87552K, 0% used [0x0000000740000000,0x000000074006c050,0x0000000745580000)
 Metaspace       used 2743K, capacity 4568K, committed 4864K, reserved 1056768K
  class space    used 294K, capacity 392K, committed 512K, reserved 1048576K
Event: 1207.411 GC heap after
Heap after GC invocations=837 (full 0):
 PSYoungGen      total 24576K, used 64K [0x0000000795580000, 0x0000000797b80000, 0x00000007c0000000)
  eden space 24064K, 0% used [0x0000000795580000,0x0000000795580000,0x0000000796d00000)
  from space 512K, 12% used [0x0000000797a80000,0x0000000797a90000,0x0000000797b00000)
  to   space 512K, 0% used [0x0000000797b00000,0x0000000797b00000,0x0000000797b80000)
 ParOldGen       total 87552K, used 432K [0x0000000740000000, 0x0000000745580000, 0x0000000795580000)
  object space 87552K, 0% used [0x0000000740000000,0x000000074006c050,0x0000000745580000)
 Metaspace       used 2743K, capacity 4568K, committed 4864K, reserved 1056768K
  class space    used 294K, capacity 392K, committed 512K, reserved 1048576K
}
Event: 1209.542 GC heap before
{Heap before GC invocations=838 (full 0):
 PSYoungGen      total 24576K, used 24128K [0x0000000795580000, 0x0000000797b80000, 0x00000007c0000000)
  eden space 24064K, 100% used [0x0000000795580000,0x0000000796d00000,0x0000000796d00000)
  from space 512K, 12% used [0x0000000797a80000,0x0000000797a90000,0x0000000797b00000)
  to   space 512K, 0% used [0x0000000797b00000,0x0000000797b00000,0x0000000797b80000)
 ParOldGen       total 87552K, used 432K [0x0000000740000000, 0x0000000745580000, 0x0000000795580000)
  object space 87552K, 0% used [0x0000000740000000,0x000000074006c050,0x0000000745580000)
 Metaspace       used 2743K, capacity 4568K, committed 4864K, reserved 1056768K
  class space    used 294K, capacity 392K, committed 512K, reserved 1048576K
Event: 1209.542 GC heap after
Heap after GC invocations=838 (full 0):
 PSYoungGen      total 24576K, used 64K [0x0000000795580000, 0x0000000797b80000, 0x00000007c0000000)
  eden space 24064K, 0% used [0x0000000795580000,0x0000000795580000,0x0000000796d00000)
  from space 512K, 12% used [0x0000000797b00000,0x0000000797b10000,0x0000000797b80000)
  to   space 512K, 0% used [0x0000000797a80000,0x0000000797a80000,0x0000000797b00000)
 ParOldGen       total 87552K, used 432K [0x0000000740000000, 0x0000000745580000, 0x0000000795580000)
  object space 87552K, 0% used [0x0000000740000000,0x000000074006c050,0x0000000745580000)
 Metaspace       used 2743K, capacity 4568K, committed 4864K, reserved 1056768K
  class space    used 294K, capacity 392K, committed 512K, reserved 1048576K
}
Event: 1211.639 GC heap before
{Heap before GC invocations=839 (full 0):
 PSYoungGen      total 24576K, used 24128K [0x0000000795580000, 0x0000000797b80000, 0x00000007c0000000)
  eden space 24064K, 100% used [0x0000000795580000,0x0000000796d00000,0x0000000796d00000)
  from space 512K, 12% used [0x0000000797b00000,0x0000000797b10000,0x0000000797b80000)
  to   space 512K, 0% used [0x0000000797a80000,0x0000000797a80000,0x0000000797b00000)
 ParOldGen       total 87552K, used 432K [0x0000000740000000, 0x0000000745580000, 0x0000000795580000)
  object space 87552K, 0% used [0x0000000740000000,0x000000074006c050,0x0000000745580000)
 Metaspace       used 2743K, capacity 4568K, committed 4864K, reserved 1056768K
  class space    used 294K, capacity 392K, committed 512K, reserved 1048576K
Event: 1211.640 GC heap after
Heap after GC invocations=839 (full 0):
 PSYoungGen      total 24576K, used 64K [0x0000000795580000, 0x0000000797b80000, 0x00000007c0000000)
  eden space 24064K, 0% used [0x0000000795580000,0x0000000795580000,0x0000000796d00000)
  from space 512K, 12% used [0x0000000797a80000,0x0000000797a90000,0x0000000797b00000)
  to   space 512K, 0% used [0x0000000797b00000,0x0000000797b00000,0x0000000797b80000)
 ParOldGen       total 87552K, used 432K [0x0000000740000000, 0x0000000745580000, 0x0000000795580000)
  object space 87552K, 0% used [0x0000000740000000,0x000000074006c050,0x0000000745580000)
 Metaspace       used 2743K, capacity 4568K, committed 4864K, reserved 1056768K
  class space    used 294K, capacity 392K, committed 512K, reserved 1048576K
}
Event: 1213.723 GC heap before
{Heap before GC invocations=840 (full 0):
 PSYoungGen      total 24576K, used 24128K [0x0000000795580000, 0x0000000797b80000, 0x00000007c0000000)
  eden space 24064K, 100% used [0x0000000795580000,0x0000000796d00000,0x0000000796d00000)
  from space 512K, 12% used [0x0000000797a80000,0x0000000797a90000,0x0000000797b00000)
  to   space 512K, 0% used [0x0000000797b00000,0x0000000797b00000,0x0000000797b80000)
 ParOldGen       total 87552K, used 432K [0x0000000740000000, 0x0000000745580000, 0x0000000795580000)
  object space 87552K, 0% used [0x0000000740000000,0x000000074006c050,0x0000000745580000)
 Metaspace       used 2743K, capacity 4568K, committed 4864K, reserved 1056768K
  class space    used 294K, capacity 392K, committed 512K, reserved 1048576K
Event: 1213.724 GC heap after
Heap after GC invocations=840 (full 0):
 PSYoungGen      total 24576K, used 32K [0x0000000795580000, 0x0000000797b80000, 0x00000007c0000000)
  eden space 24064K, 0% used [0x0000000795580000,0x0000000795580000,0x0000000796d00000)
  from space 512K, 6% used [0x0000000797b00000,0x0000000797b08000,0x0000000797b80000)
  to   space 512K, 0% used [0x0000000797a80000,0x0000000797a80000,0x0000000797b00000)
 ParOldGen       total 87552K, used 432K [0x0000000740000000, 0x0000000745580000, 0x0000000795580000)
  object space 87552K, 0% used [0x0000000740000000,0x000000074006c050,0x0000000745580000)
 Metaspace       used 2743K, capacity 4568K, committed 4864K, reserved 1056768K
  class space    used 294K, capacity 392K, committed 512K, reserved 1048576K
}
Event: 1215.898 GC heap before
{Heap before GC invocations=841 (full 0):
 PSYoungGen      total 24576K, used 24096K [0x0000000795580000, 0x0000000797b80000, 0x00000007c0000000)
  eden space 24064K, 100% used [0x0000000795580000,0x0000000796d00000,0x0000000796d00000)
  from space 512K, 6% used [0x0000000797b00000,0x0000000797b08000,0x0000000797b80000)
  to   space 512K, 0% used [0x0000000797a80000,0x0000000797a80000,0x0000000797b00000)
 ParOldGen       total 87552K, used 432K [0x0000000740000000, 0x0000000745580000, 0x0000000795580000)
  object space 87552K, 0% used [0x0000000740000000,0x000000074006c050,0x0000000745580000)
 Metaspace       used 2743K, capacity 4568K, committed 4864K, reserved 1056768K
  class space    used 294K, capacity 392K, committed 512K, reserved 1048576K
Event: 1215.898 GC heap after
Heap after GC invocations=841 (full 0):
 PSYoungGen      total 24576K, used 64K [0x0000000795580000, 0x0000000797b80000, 0x00000007c0000000)
  eden space 24064K, 0% used [0x0000000795580000,0x0000000795580000,0x0000000796d00000)
  from space 512K, 12% used [0x0000000797a80000,0x0000000797a90000,0x0000000797b00000)
  to   space 512K, 0% used [0x0000000797b00000,0x0000000797b00000,0x0000000797b80000)
 ParOldGen       total 87552K, used 432K [0x0000000740000000, 0x0000000745580000, 0x0000000795580000)
  object space 87552K, 0% used [0x0000000740000000,0x000000074006c050,0x0000000745580000)
 Metaspace       used 2743K, capacity 4568K, committed 4864K, reserved 1056768K
  class space    used 294K, capacity 392K, committed 512K, reserved 1048576K
}

